<?xml version="1.0" encoding="UTF-8"?>
<testng-results total="1" passed="1" failed="0" skipped="0">
  <reporter-output>
  </reporter-output>
  <suite started-at="2018-03-17T06:27:46Z" name="Default suite" finished-at="2018-03-17T06:28:16Z" duration-ms="29894">
    <groups>
    </groups>
    <test started-at="2018-03-17T06:27:46Z" name="Default test" finished-at="2018-03-17T06:28:16Z" duration-ms="29894">
      <class name="tests.amazonTest.AmazonTest">
        <test-method is-config="true" signature="setupClass()[pri:0, instance:tests.amazonTest.AmazonTest@5f8edcc5]" started-at="2018-03-16T23:27:46Z" name="setupClass" finished-at="2018-03-16T23:27:46Z" duration-ms="8" status="PASS">
          <reporter-output>
          </reporter-output>
        </test-method> <!-- setupClass -->
        <test-method signature="groupSetup()[pri:0, instance:tests.amazonTest.AmazonTest@5f8edcc5]" started-at="2018-03-16T23:27:46Z" name="groupSetup" description="Test Description" finished-at="2018-03-16T23:28:16Z" duration-ms="29868" status="PASS">
          <reporter-output>
          </reporter-output>
        </test-method> <!-- groupSetup -->
        <test-method is-config="true" signature="setupTest()[pri:0, instance:tests.amazonTest.AmazonTest@5f8edcc5]" started-at="2018-03-16T23:27:46Z" name="setupTest" finished-at="2018-03-16T23:27:46Z" duration-ms="0" status="PASS">
          <reporter-output>
          </reporter-output>
        </test-method> <!-- setupTest -->
        <test-method is-config="true" signature="tearDownTest()[pri:0, instance:tests.amazonTest.AmazonTest@5f8edcc5]" started-at="2018-03-16T23:28:16Z" name="tearDownTest" finished-at="2018-03-16T23:28:16Z" duration-ms="1" status="PASS">
          <reporter-output>
          </reporter-output>
        </test-method> <!-- tearDownTest -->
        <test-method is-config="true" signature="tearDownClass()[pri:0, instance:tests.amazonTest.AmazonTest@5f8edcc5]" started-at="2018-03-16T23:28:16Z" name="tearDownClass" finished-at="2018-03-16T23:28:16Z" duration-ms="0" status="PASS">
          <reporter-output>
          </reporter-output>
        </test-method> <!-- tearDownClass -->
      </class> <!-- tests.amazonTest.AmazonTest -->
    </test> <!-- Default test -->
  </suite> <!-- Default suite -->
</testng-results>
